[2023-09-06 11:29:21.545844]: begin loadTRTModel ../det_face_id/model/det_face_id_v1.0.3-1.trt
[2023-09-06 11:29:21.830257]: model size: 22170360
[2023-09-06 11:29:24.195934]: Glob Size is 22110592 bytes.
[2023-09-06 11:29:24.202808]: Added linear block of size 100663296
[2023-09-06 11:29:24.202924]: Added linear block of size 100663296
[2023-09-06 11:29:24.202969]: Added linear block of size 12582912
[2023-09-06 11:29:24.209759]: Deserialize required 39431 microseconds.
[2023-09-06 11:29:24.215689]: end loadTRTModel
[2023-09-06 11:29:24.219107]: Det Face MTCNN Net: Start Detect.
[2023-09-06 11:29:24.450954]: Det Face MTCNN Net Cost Time: 31.617 ms
[2023-09-06 11:29:24.543798]: Calc_feature Cost Time: 92 ms
[2023-09-06 11:29:24.544898]: Det Face MTCNN Net: Start Detect.
[2023-09-06 11:29:24.554509]: Det Face MTCNN Net Cost Time: 9.514 ms
[2023-09-06 11:29:24.569285]: Calc_feature Cost Time: 14 ms
[2023-09-06 11:29:24.570240]: Det Face MTCNN Net: Start Detect.
[2023-09-06 11:29:24.574999]: Det Face MTCNN Net Cost Time: 4.674 ms
[2023-09-06 11:29:24.589188]: Calc_feature Cost Time: 14 ms
[2023-09-06 11:29:24.589505]: Det Face MTCNN Net: Start Detect.
[2023-09-06 11:29:24.591749]: Det Face MTCNN Net Cost Time: 2.214 ms
[2023-09-06 11:29:24.605562]: Calc_feature Cost Time: 13 ms
[2023-09-06 11:29:24.607459]: Det Face MTCNN Net: Start Detect.
[2023-09-06 11:29:24.610745]: Det Face MTCNN Net Cost Time: 3.264 ms
[2023-09-06 11:29:24.624435]: Calc_feature Cost Time: 13 ms
[2023-09-06 11:29:24.627500]: Get ids Cost Time: 3 ms
[2023-09-06 11:29:24.653531]: Det Face MTCNN Net: Start Detect.
[2023-09-06 11:29:24.666101]: Det Face MTCNN Net Cost Time: 12.469 ms
[2023-09-06 11:29:24.680291]: Calc_feature Cost Time: 14 ms
[2023-09-06 11:29:24.680331]: Get ids Cost Time: 0 ms
[2023-09-06 11:29:24.682872]: Det Face MTCNN Net: Start Detect.
[2023-09-06 11:29:24.686601]: Det Face MTCNN Net Cost Time: 3.697 ms
[2023-09-06 11:29:24.700362]: Calc_feature Cost Time: 13 ms
[2023-09-06 11:29:24.700386]: Get ids Cost Time: 0 ms
[2023-09-06 11:29:24.701906]: Det Face MTCNN Net: Start Detect.
[2023-09-06 11:29:24.705166]: Det Face MTCNN Net Cost Time: 3.24 ms
[2023-09-06 11:29:24.705190]: Get ids Cost Time: 0 ms
[2023-09-06 11:29:24.706622]: Det Face MTCNN Net: Start Detect.
[2023-09-06 11:29:24.708823]: Det Face MTCNN Net Cost Time: 2.185 ms
[2023-09-06 11:29:24.708846]: Get ids Cost Time: 0 ms
[2023-09-06 11:29:24.710196]: Det Face MTCNN Net: Start Detect.
[2023-09-06 11:29:24.712105]: Det Face MTCNN Net Cost Time: 1.891 ms
[2023-09-06 11:29:24.712126]: Get ids Cost Time: 0 ms
[2023-09-06 11:29:24.713529]: Det Face MTCNN Net: Start Detect.
[2023-09-06 11:29:24.715475]: Det Face MTCNN Net Cost Time: 1.928 ms
[2023-09-06 11:29:24.715497]: Get ids Cost Time: 0 ms
[2023-09-06 11:29:24.716923]: Det Face MTCNN Net: Start Detect.
[2023-09-06 11:29:24.718926]: Det Face MTCNN Net Cost Time: 1.986 ms
[2023-09-06 11:29:24.718948]: Get ids Cost Time: 0 ms
[2023-09-06 11:29:24.720334]: Det Face MTCNN Net: Start Detect.
[2023-09-06 11:29:24.723155]: Det Face MTCNN Net Cost Time: 2.805 ms
[2023-09-06 11:29:24.736806]: Calc_feature Cost Time: 13 ms
[2023-09-06 11:29:24.736828]: Get ids Cost Time: 0 ms
[2023-09-06 11:29:24.738255]: Det Face MTCNN Net: Start Detect.
[2023-09-06 11:29:24.740524]: Det Face MTCNN Net Cost Time: 2.251 ms
[2023-09-06 11:29:24.754171]: Calc_feature Cost Time: 13 ms
[2023-09-06 11:29:24.754193]: Get ids Cost Time: 0 ms
[2023-09-06 11:29:24.755549]: Det Face MTCNN Net: Start Detect.
[2023-09-06 11:29:24.757986]: Det Face MTCNN Net Cost Time: 2.424 ms
[2023-09-06 11:29:24.771622]: Calc_feature Cost Time: 13 ms
[2023-09-06 11:29:24.771642]: Get ids Cost Time: 0 ms
[2023-09-06 11:29:24.773047]: Det Face MTCNN Net: Start Detect.
[2023-09-06 11:29:24.775029]: Det Face MTCNN Net Cost Time: 1.964 ms
[2023-09-06 11:29:24.775050]: Get ids Cost Time: 0 ms
[2023-09-06 11:29:24.776444]: Det Face MTCNN Net: Start Detect.
[2023-09-06 11:29:24.779100]: Det Face MTCNN Net Cost Time: 2.639 ms
[2023-09-06 11:29:24.792738]: Calc_feature Cost Time: 13 ms
[2023-09-06 11:29:24.792759]: Get ids Cost Time: 0 ms
[2023-09-06 11:29:24.794162]: Det Face MTCNN Net: Start Detect.
[2023-09-06 11:29:24.796505]: Det Face MTCNN Net Cost Time: 2.325 ms
[2023-09-06 11:29:24.796526]: Get ids Cost Time: 0 ms
[2023-09-06 11:29:24.797836]: Det Face MTCNN Net: Start Detect.
[2023-09-06 11:29:24.800174]: Det Face MTCNN Net Cost Time: 2.32 ms
[2023-09-06 11:29:24.813813]: Calc_feature Cost Time: 13 ms
[2023-09-06 11:29:24.813834]: Get ids Cost Time: 0 ms
[2023-09-06 11:29:24.815196]: Det Face MTCNN Net: Start Detect.
[2023-09-06 11:29:24.817764]: Det Face MTCNN Net Cost Time: 2.552 ms
[2023-09-06 11:29:24.831414]: Calc_feature Cost Time: 13 ms
[2023-09-06 11:29:24.831435]: Get ids Cost Time: 0 ms
[2023-09-06 11:29:24.832801]: Det Face MTCNN Net: Start Detect.
[2023-09-06 11:29:24.834760]: Det Face MTCNN Net Cost Time: 1.942 ms
[2023-09-06 11:29:24.834782]: Get ids Cost Time: 0 ms
[2023-09-06 11:29:24.836104]: Det Face MTCNN Net: Start Detect.
[2023-09-06 11:29:24.838118]: Det Face MTCNN Net Cost Time: 1.998 ms
[2023-09-06 11:29:24.838141]: Get ids Cost Time: 0 ms
[2023-09-06 11:29:24.839434]: Det Face MTCNN Net: Start Detect.
[2023-09-06 11:29:24.841747]: Det Face MTCNN Net Cost Time: 2.297 ms
[2023-09-06 11:29:24.841769]: Get ids Cost Time: 0 ms
[2023-09-06 11:29:24.843055]: Det Face MTCNN Net: Start Detect.
[2023-09-06 11:29:24.845436]: Det Face MTCNN Net Cost Time: 2.365 ms
[2023-09-06 11:29:24.845459]: Get ids Cost Time: 0 ms
[2023-09-06 11:29:24.846838]: Det Face MTCNN Net: Start Detect.
[2023-09-06 11:29:24.848928]: Det Face MTCNN Net Cost Time: 2.074 ms
[2023-09-06 11:29:24.848949]: Get ids Cost Time: 0 ms
[2023-09-06 11:29:24.850273]: Det Face MTCNN Net: Start Detect.
[2023-09-06 11:29:24.852551]: Det Face MTCNN Net Cost Time: 2.261 ms
[2023-09-06 11:29:24.866203]: Calc_feature Cost Time: 13 ms
[2023-09-06 11:29:24.866224]: Get ids Cost Time: 0 ms
[2023-09-06 11:29:24.867569]: Det Face MTCNN Net: Start Detect.
[2023-09-06 11:29:24.869459]: Det Face MTCNN Net Cost Time: 1.873 ms
[2023-09-06 11:29:24.869481]: Get ids Cost Time: 0 ms
[2023-09-06 11:29:24.870822]: Det Face MTCNN Net: Start Detect.
[2023-09-06 11:29:24.872809]: Det Face MTCNN Net Cost Time: 1.971 ms
[2023-09-06 11:29:24.872832]: Get ids Cost Time: 0 ms
[2023-09-06 11:29:24.874251]: Det Face MTCNN Net: Start Detect.
[2023-09-06 11:29:24.876514]: Det Face MTCNN Net Cost Time: 2.246 ms
[2023-09-06 11:29:24.876535]: Get ids Cost Time: 0 ms
[2023-09-06 11:29:24.877840]: Det Face MTCNN Net: Start Detect.
[2023-09-06 11:29:24.880254]: Det Face MTCNN Net Cost Time: 2.397 ms
[2023-09-06 11:29:24.893565]: Calc_feature Cost Time: 13 ms
[2023-09-06 11:29:24.893586]: Get ids Cost Time: 0 ms
[2023-09-06 11:29:24.894976]: Det Face MTCNN Net: Start Detect.
[2023-09-06 11:29:24.897379]: Det Face MTCNN Net Cost Time: 2.386 ms
[2023-09-06 11:29:24.910704]: Calc_feature Cost Time: 13 ms
[2023-09-06 11:29:24.910725]: Get ids Cost Time: 0 ms
[2023-09-06 11:29:24.912083]: Det Face MTCNN Net: Start Detect.
[2023-09-06 11:29:24.914316]: Det Face MTCNN Net Cost Time: 2.216 ms
[2023-09-06 11:29:24.914338]: Get ids Cost Time: 0 ms
[2023-09-06 11:29:24.915691]: Det Face MTCNN Net: Start Detect.
[2023-09-06 11:29:24.917641]: Det Face MTCNN Net Cost Time: 1.935 ms
[2023-09-06 11:29:24.917663]: Get ids Cost Time: 0 ms
[2023-09-06 11:29:24.918986]: Det Face MTCNN Net: Start Detect.
[2023-09-06 11:29:24.920854]: Det Face MTCNN Net Cost Time: 1.852 ms
[2023-09-06 11:29:24.920876]: Get ids Cost Time: 0 ms
[2023-09-06 11:29:24.922249]: Det Face MTCNN Net: Start Detect.
[2023-09-06 11:29:24.924532]: Det Face MTCNN Net Cost Time: 2.266 ms
[2023-09-06 11:29:24.937839]: Calc_feature Cost Time: 13 ms
[2023-09-06 11:29:24.937860]: Get ids Cost Time: 0 ms
[2023-09-06 11:29:24.939274]: Det Face MTCNN Net: Start Detect.
[2023-09-06 11:29:24.941517]: Det Face MTCNN Net Cost Time: 2.227 ms
[2023-09-06 11:29:24.954837]: Calc_feature Cost Time: 13 ms
[2023-09-06 11:29:24.954857]: Get ids Cost Time: 0 ms
[2023-09-06 11:29:24.956251]: Det Face MTCNN Net: Start Detect.
[2023-09-06 11:29:24.958390]: Det Face MTCNN Net Cost Time: 2.122 ms
[2023-09-06 11:29:24.958416]: Get ids Cost Time: 0 ms
[2023-09-06 11:29:24.959704]: Det Face MTCNN Net: Start Detect.
[2023-09-06 11:29:24.962014]: Det Face MTCNN Net Cost Time: 2.295 ms
[2023-09-06 11:29:24.962036]: Get ids Cost Time: 0 ms
[2023-09-06 11:29:24.963392]: Det Face MTCNN Net: Start Detect.
[2023-09-06 11:29:24.965264]: Det Face MTCNN Net Cost Time: 1.855 ms
[2023-09-06 11:29:24.965287]: Get ids Cost Time: 0 ms
[2023-09-06 11:29:24.966577]: Det Face MTCNN Net: Start Detect.
[2023-09-06 11:29:24.969207]: Det Face MTCNN Net Cost Time: 2.614 ms
[2023-09-06 11:29:24.969229]: Get ids Cost Time: 0 ms
[2023-09-06 11:29:24.970539]: Det Face MTCNN Net: Start Detect.
[2023-09-06 11:29:24.972608]: Det Face MTCNN Net Cost Time: 2.053 ms
[2023-09-06 11:29:24.972629]: Get ids Cost Time: 0 ms
[2023-09-06 11:29:24.973940]: Det Face MTCNN Net: Start Detect.
[2023-09-06 11:29:24.975888]: Det Face MTCNN Net Cost Time: 1.93 ms
[2023-09-06 11:29:24.975910]: Get ids Cost Time: 0 ms
[2023-09-06 11:29:24.977256]: Det Face MTCNN Net: Start Detect.
[2023-09-06 11:29:24.979662]: Det Face MTCNN Net Cost Time: 2.389 ms
[2023-09-06 11:29:24.979683]: Get ids Cost Time: 0 ms
[2023-09-06 11:29:24.980991]: Det Face MTCNN Net: Start Detect.
[2023-09-06 11:29:24.983521]: Det Face MTCNN Net Cost Time: 2.514 ms
[2023-09-06 11:29:25.009809]: Calc_feature Cost Time: 26 ms
[2023-09-06 11:29:25.009832]: Get ids Cost Time: 0 ms
[2023-09-06 11:29:25.011246]: Det Face MTCNN Net: Start Detect.
[2023-09-06 11:29:25.013842]: Det Face MTCNN Net Cost Time: 2.579 ms
[2023-09-06 11:29:25.027166]: Calc_feature Cost Time: 13 ms
[2023-09-06 11:29:25.027187]: Get ids Cost Time: 0 ms
[2023-09-06 11:29:25.028555]: Det Face MTCNN Net: Start Detect.
[2023-09-06 11:29:25.030887]: Det Face MTCNN Net Cost Time: 2.316 ms
[2023-09-06 11:29:25.044198]: Calc_feature Cost Time: 13 ms
[2023-09-06 11:29:25.044219]: Get ids Cost Time: 0 ms
[2023-09-06 11:29:25.045096]: Det Face MTCNN Net: Start Detect.
[2023-09-06 11:29:25.046937]: Det Face MTCNN Net Cost Time: 1.825 ms
[2023-09-06 11:29:25.046958]: Get ids Cost Time: 0 ms
[2023-09-06 11:29:25.048290]: Det Face MTCNN Net: Start Detect.
[2023-09-06 11:29:25.050154]: Det Face MTCNN Net Cost Time: 1.849 ms
[2023-09-06 11:29:25.050177]: Get ids Cost Time: 0 ms
[2023-09-06 11:29:25.051481]: Det Face MTCNN Net: Start Detect.
[2023-09-06 11:29:25.053818]: Det Face MTCNN Net Cost Time: 2.322 ms
[2023-09-06 11:29:25.067127]: Calc_feature Cost Time: 13 ms
[2023-09-06 11:29:25.067147]: Get ids Cost Time: 0 ms
[2023-09-06 11:29:25.068537]: Det Face MTCNN Net: Start Detect.
[2023-09-06 11:29:25.070730]: Det Face MTCNN Net Cost Time: 2.178 ms
[2023-09-06 11:29:25.070753]: Get ids Cost Time: 0 ms
[2023-09-06 11:29:25.072042]: Det Face MTCNN Net: Start Detect.
[2023-09-06 11:29:25.074470]: Det Face MTCNN Net Cost Time: 2.413 ms
[2023-09-06 11:29:25.074493]: Get ids Cost Time: 0 ms
[2023-09-06 11:29:25.075798]: Det Face MTCNN Net: Start Detect.
[2023-09-06 11:29:25.078237]: Det Face MTCNN Net Cost Time: 2.423 ms
[2023-09-06 11:29:25.078260]: Get ids Cost Time: 0 ms
[2023-09-06 11:29:25.079547]: Det Face MTCNN Net: Start Detect.
[2023-09-06 11:29:25.081817]: Det Face MTCNN Net Cost Time: 2.254 ms
[2023-09-06 11:29:25.081840]: Get ids Cost Time: 0 ms
[2023-09-06 11:29:25.083143]: Det Face MTCNN Net: Start Detect.
[2023-09-06 11:29:25.084980]: Det Face MTCNN Net Cost Time: 1.822 ms
[2023-09-06 11:29:25.085002]: Get ids Cost Time: 0 ms
[2023-09-06 11:29:25.086371]: Det Face MTCNN Net: Start Detect.
[2023-09-06 11:29:25.088732]: Det Face MTCNN Net Cost Time: 2.345 ms
[2023-09-06 11:29:25.088754]: Get ids Cost Time: 0 ms
[2023-09-06 11:29:25.090081]: Det Face MTCNN Net: Start Detect.
[2023-09-06 11:29:25.092065]: Det Face MTCNN Net Cost Time: 1.966 ms
[2023-09-06 11:29:25.092086]: Get ids Cost Time: 0 ms
[2023-09-06 11:29:25.093423]: Det Face MTCNN Net: Start Detect.
[2023-09-06 11:29:25.095584]: Det Face MTCNN Net Cost Time: 2.143 ms
[2023-09-06 11:29:25.095611]: Get ids Cost Time: 0 ms
[2023-09-06 11:29:25.096944]: Det Face MTCNN Net: Start Detect.
[2023-09-06 11:29:25.099031]: Det Face MTCNN Net Cost Time: 2.068 ms
[2023-09-06 11:29:25.099055]: Get ids Cost Time: 0 ms
[2023-09-06 11:29:25.100357]: Det Face MTCNN Net: Start Detect.
[2023-09-06 11:29:25.102537]: Det Face MTCNN Net Cost Time: 2.164 ms
[2023-09-06 11:29:25.115851]: Calc_feature Cost Time: 13 ms
[2023-09-06 11:29:25.115872]: Get ids Cost Time: 0 ms
[2023-09-06 11:29:25.117277]: Det Face MTCNN Net: Start Detect.
[2023-09-06 11:29:25.119907]: Det Face MTCNN Net Cost Time: 2.612 ms
[2023-09-06 11:29:25.146469]: Calc_feature Cost Time: 26 ms
[2023-09-06 11:29:25.146491]: Get ids Cost Time: 0 ms
[2023-09-06 11:29:25.147909]: Det Face MTCNN Net: Start Detect.
[2023-09-06 11:29:25.150162]: Det Face MTCNN Net Cost Time: 2.236 ms
[2023-09-06 11:29:25.163486]: Calc_feature Cost Time: 13 ms
[2023-09-06 11:29:25.163507]: Get ids Cost Time: 0 ms
[2023-09-06 11:29:25.164874]: Det Face MTCNN Net: Start Detect.
[2023-09-06 11:29:25.166776]: Det Face MTCNN Net Cost Time: 1.886 ms
[2023-09-06 11:29:25.166799]: Get ids Cost Time: 0 ms
[2023-09-06 11:29:25.168191]: Det Face MTCNN Net: Start Detect.
[2023-09-06 11:29:25.170448]: Det Face MTCNN Net Cost Time: 2.241 ms
[2023-09-06 11:29:25.170471]: Get ids Cost Time: 0 ms
[2023-09-06 11:29:25.171791]: Det Face MTCNN Net: Start Detect.
[2023-09-06 11:29:25.173772]: Det Face MTCNN Net Cost Time: 1.965 ms
[2023-09-06 11:29:25.173795]: Get ids Cost Time: 0 ms
[2023-09-06 11:29:25.174649]: Det Face MTCNN Net: Start Detect.
[2023-09-06 11:29:25.176507]: Det Face MTCNN Net Cost Time: 1.843 ms
[2023-09-06 11:29:25.176529]: Get ids Cost Time: 0 ms
[2023-09-06 11:29:25.177823]: Det Face MTCNN Net: Start Detect.
[2023-09-06 11:29:25.179904]: Det Face MTCNN Net Cost Time: 2.063 ms
[2023-09-06 11:29:25.179925]: Get ids Cost Time: 0 ms
[2023-09-06 11:29:25.197023]: Det Face MTCNN Net: Start Detect.
[2023-09-06 11:29:25.212944]: Det Face MTCNN Net Cost Time: 41.071 ms
[2023-09-06 11:29:25.392711]: Calc_feature Cost Time: 179 ms
[2023-09-06 11:29:25.392764]: Get ids Cost Time: 0 ms
[2023-09-06 11:29:25.394554]: Det Face MTCNN Net: Start Detect.
[2023-09-06 11:29:25.397514]: Det Face MTCNN Net Cost Time: 2.942 ms
[2023-09-06 11:29:25.397537]: Get ids Cost Time: 0 ms
[2023-09-06 11:29:25.398922]: Det Face MTCNN Net: Start Detect.
[2023-09-06 11:29:25.402269]: Det Face MTCNN Net Cost Time: 3.331 ms
[2023-09-06 11:29:25.415635]: Calc_feature Cost Time: 13 ms
[2023-09-06 11:29:25.415656]: Get ids Cost Time: 0 ms
[2023-09-06 11:29:25.417031]: Det Face MTCNN Net: Start Detect.
[2023-09-06 11:29:25.420153]: Det Face MTCNN Net Cost Time: 3.102 ms
[2023-09-06 11:29:25.420175]: Get ids Cost Time: 0 ms
[2023-09-06 11:29:25.421565]: Det Face MTCNN Net: Start Detect.
[2023-09-06 11:29:25.424856]: Det Face MTCNN Net Cost Time: 3.273 ms
[2023-09-06 11:29:25.424877]: Get ids Cost Time: 0 ms
[2023-09-06 11:29:25.426314]: Det Face MTCNN Net: Start Detect.
[2023-09-06 11:29:25.429830]: Det Face MTCNN Net Cost Time: 3.511 ms
[2023-09-06 11:29:25.455928]: Calc_feature Cost Time: 26 ms
[2023-09-06 11:29:25.455950]: Get ids Cost Time: 0 ms
[2023-09-06 11:29:25.457449]: Det Face MTCNN Net: Start Detect.
[2023-09-06 11:29:25.460204]: Det Face MTCNN Net Cost Time: 2.737 ms
[2023-09-06 11:29:25.460226]: Get ids Cost Time: 0 ms
[2023-09-06 11:29:25.461652]: Det Face MTCNN Net: Start Detect.
[2023-09-06 11:29:25.464402]: Det Face MTCNN Net Cost Time: 2.732 ms
[2023-09-06 11:29:25.464424]: Get ids Cost Time: 0 ms
[2023-09-06 11:29:25.465836]: Det Face MTCNN Net: Start Detect.
[2023-09-06 11:29:25.469319]: Det Face MTCNN Net Cost Time: 3.464 ms
[2023-09-06 11:29:25.495465]: Calc_feature Cost Time: 26 ms
[2023-09-06 11:29:25.495487]: Get ids Cost Time: 0 ms
[2023-09-06 11:29:25.496878]: Det Face MTCNN Net: Start Detect.
[2023-09-06 11:29:25.499530]: Det Face MTCNN Net Cost Time: 2.634 ms
[2023-09-06 11:29:25.499552]: Get ids Cost Time: 0 ms
[2023-09-06 11:29:25.500889]: Det Face MTCNN Net: Start Detect.
[2023-09-06 11:29:25.504055]: Det Face MTCNN Net Cost Time: 3.144 ms
[2023-09-06 11:29:25.517386]: Calc_feature Cost Time: 13 ms
[2023-09-06 11:29:25.517407]: Get ids Cost Time: 0 ms
[2023-09-06 11:29:25.518798]: Det Face MTCNN Net: Start Detect.
[2023-09-06 11:29:25.521746]: Det Face MTCNN Net Cost Time: 2.932 ms
[2023-09-06 11:29:25.521769]: Get ids Cost Time: 0 ms
[2023-09-06 11:29:25.523102]: Det Face MTCNN Net: Start Detect.
[2023-09-06 11:29:25.525882]: Det Face MTCNN Net Cost Time: 2.764 ms
[2023-09-06 11:29:25.525906]: Get ids Cost Time: 0 ms
[2023-09-06 11:29:25.527283]: Det Face MTCNN Net: Start Detect.
[2023-09-06 11:29:25.530014]: Det Face MTCNN Net Cost Time: 2.714 ms
[2023-09-06 11:29:25.530036]: Get ids Cost Time: 0 ms
[2023-09-06 11:29:25.531385]: Det Face MTCNN Net: Start Detect.
[2023-09-06 11:29:25.534360]: Det Face MTCNN Net Cost Time: 2.959 ms
[2023-09-06 11:29:25.547697]: Calc_feature Cost Time: 13 ms
[2023-09-06 11:29:25.547718]: Get ids Cost Time: 0 ms
[2023-09-06 11:29:25.549092]: Det Face MTCNN Net: Start Detect.
[2023-09-06 11:29:25.552209]: Det Face MTCNN Net Cost Time: 3.1 ms
[2023-09-06 11:29:25.552231]: Get ids Cost Time: 0 ms
[2023-09-06 11:29:25.553554]: Det Face MTCNN Net: Start Detect.
[2023-09-06 11:29:25.556584]: Det Face MTCNN Net Cost Time: 3.011 ms
[2023-09-06 11:29:25.556605]: Get ids Cost Time: 0 ms
[2023-09-06 11:29:25.557922]: Det Face MTCNN Net: Start Detect.
[2023-09-06 11:29:25.561052]: Det Face MTCNN Net Cost Time: 3.113 ms
[2023-09-06 11:29:25.561075]: Get ids Cost Time: 0 ms
[2023-09-06 11:29:25.562386]: Det Face MTCNN Net: Start Detect.
[2023-09-06 11:29:25.565404]: Det Face MTCNN Net Cost Time: 3.002 ms
[2023-09-06 11:29:25.578725]: Calc_feature Cost Time: 13 ms
[2023-09-06 11:29:25.578746]: Get ids Cost Time: 0 ms
[2023-09-06 11:29:25.580090]: Det Face MTCNN Net: Start Detect.
[2023-09-06 11:29:25.583122]: Det Face MTCNN Net Cost Time: 3.014 ms
[2023-09-06 11:29:25.596432]: Calc_feature Cost Time: 13 ms
[2023-09-06 11:29:25.596453]: Get ids Cost Time: 0 ms
[2023-09-06 11:29:25.597805]: Det Face MTCNN Net: Start Detect.
[2023-09-06 11:29:25.600929]: Det Face MTCNN Net Cost Time: 3.106 ms
[2023-09-06 11:29:25.614243]: Calc_feature Cost Time: 13 ms
[2023-09-06 11:29:25.614263]: Get ids Cost Time: 0 ms
[2023-09-06 11:29:25.615634]: Det Face MTCNN Net: Start Detect.
[2023-09-06 11:29:25.619014]: Det Face MTCNN Net Cost Time: 3.363 ms
[2023-09-06 11:29:25.657915]: Calc_feature Cost Time: 38 ms
[2023-09-06 11:29:25.657937]: Get ids Cost Time: 0 ms
[2023-09-06 11:29:25.659293]: Det Face MTCNN Net: Start Detect.
[2023-09-06 11:29:25.662397]: Det Face MTCNN Net Cost Time: 3.088 ms
[2023-09-06 11:29:25.675714]: Calc_feature Cost Time: 13 ms
[2023-09-06 11:29:25.675735]: Get ids Cost Time: 0 ms
[2023-09-06 11:29:25.677090]: Det Face MTCNN Net: Start Detect.
[2023-09-06 11:29:25.679842]: Det Face MTCNN Net Cost Time: 2.733 ms
[2023-09-06 11:29:25.679864]: Get ids Cost Time: 0 ms
[2023-09-06 11:29:25.681156]: Det Face MTCNN Net: Start Detect.
[2023-09-06 11:29:25.683766]: Det Face MTCNN Net Cost Time: 2.592 ms
[2023-09-06 11:29:25.683787]: Get ids Cost Time: 0 ms
[2023-09-06 11:29:25.685171]: Det Face MTCNN Net: Start Detect.
[2023-09-06 11:29:25.688467]: Det Face MTCNN Net Cost Time: 3.279 ms
[2023-09-06 11:29:25.701818]: Calc_feature Cost Time: 13 ms
[2023-09-06 11:29:25.701838]: Get ids Cost Time: 0 ms
[2023-09-06 11:29:25.703233]: Det Face MTCNN Net: Start Detect.
[2023-09-06 11:29:25.706004]: Det Face MTCNN Net Cost Time: 2.755 ms
[2023-09-06 11:29:25.706027]: Get ids Cost Time: 0 ms
[2023-09-06 11:29:25.707444]: Det Face MTCNN Net: Start Detect.
[2023-09-06 11:29:25.710411]: Det Face MTCNN Net Cost Time: 2.95 ms
[2023-09-06 11:29:25.710433]: Get ids Cost Time: 0 ms
[2023-09-06 11:29:25.711861]: Det Face MTCNN Net: Start Detect.
[2023-09-06 11:29:25.714531]: Det Face MTCNN Net Cost Time: 2.655 ms
[2023-09-06 11:29:25.714554]: Get ids Cost Time: 0 ms
[2023-09-06 11:29:25.715996]: Det Face MTCNN Net: Start Detect.
[2023-09-06 11:29:25.718758]: Det Face MTCNN Net Cost Time: 2.746 ms
[2023-09-06 11:29:25.718786]: Get ids Cost Time: 0 ms
[2023-09-06 11:29:25.720176]: Det Face MTCNN Net: Start Detect.
[2023-09-06 11:29:25.723039]: Det Face MTCNN Net Cost Time: 2.844 ms
[2023-09-06 11:29:25.723062]: Get ids Cost Time: 0 ms
[2023-09-06 11:29:25.724452]: Det Face MTCNN Net: Start Detect.
[2023-09-06 11:29:25.727522]: Det Face MTCNN Net Cost Time: 3.063 ms
[2023-09-06 11:29:25.727545]: Get ids Cost Time: 0 ms
[2023-09-06 11:29:25.728971]: Det Face MTCNN Net: Start Detect.
[2023-09-06 11:29:25.732253]: Det Face MTCNN Net Cost Time: 3.266 ms
[2023-09-06 11:29:25.745612]: Calc_feature Cost Time: 13 ms
[2023-09-06 11:29:25.745633]: Get ids Cost Time: 0 ms
[2023-09-06 11:29:25.746996]: Det Face MTCNN Net: Start Detect.
[2023-09-06 11:29:25.749804]: Det Face MTCNN Net Cost Time: 2.791 ms
[2023-09-06 11:29:25.749827]: Get ids Cost Time: 0 ms
[2023-09-06 11:29:25.751236]: Det Face MTCNN Net: Start Detect.
[2023-09-06 11:29:25.754230]: Det Face MTCNN Net Cost Time: 2.977 ms
[2023-09-06 11:29:25.754253]: Get ids Cost Time: 0 ms
[2023-09-06 11:29:25.755620]: Det Face MTCNN Net: Start Detect.
[2023-09-06 11:29:25.758416]: Det Face MTCNN Net Cost Time: 2.784 ms
[2023-09-06 11:29:25.758438]: Get ids Cost Time: 0 ms
[2023-09-06 11:29:25.759843]: Det Face MTCNN Net: Start Detect.
[2023-09-06 11:29:25.762959]: Det Face MTCNN Net Cost Time: 3.099 ms
[2023-09-06 11:29:25.762981]: Get ids Cost Time: 0 ms
[2023-09-06 11:29:25.764348]: Det Face MTCNN Net: Start Detect.
[2023-09-06 11:29:25.767386]: Det Face MTCNN Net Cost Time: 3.022 ms
[2023-09-06 11:29:25.780727]: Calc_feature Cost Time: 13 ms
[2023-09-06 11:29:25.780748]: Get ids Cost Time: 0 ms
[2023-09-06 11:29:25.782148]: Det Face MTCNN Net: Start Detect.
[2023-09-06 11:29:25.784819]: Det Face MTCNN Net Cost Time: 2.653 ms
[2023-09-06 11:29:25.784840]: Get ids Cost Time: 0 ms
[2023-09-06 11:29:25.786278]: Det Face MTCNN Net: Start Detect.
[2023-09-06 11:29:25.788924]: Det Face MTCNN Net Cost Time: 2.628 ms
[2023-09-06 11:29:25.788946]: Get ids Cost Time: 0 ms
[2023-09-06 11:29:25.790362]: Det Face MTCNN Net: Start Detect.
[2023-09-06 11:29:25.793363]: Det Face MTCNN Net Cost Time: 2.983 ms
[2023-09-06 11:29:25.793386]: Get ids Cost Time: 0 ms
[2023-09-06 11:29:25.794719]: Det Face MTCNN Net: Start Detect.
[2023-09-06 11:29:25.797965]: Det Face MTCNN Net Cost Time: 3.231 ms
[2023-09-06 11:29:25.797988]: Get ids Cost Time: 0 ms
[2023-09-06 11:29:25.799286]: Det Face MTCNN Net: Start Detect.
[2023-09-06 11:29:25.802014]: Det Face MTCNN Net Cost Time: 2.712 ms
[2023-09-06 11:29:25.802037]: Get ids Cost Time: 0 ms
[2023-09-06 11:29:25.802889]: Det Face MTCNN Net: Start Detect.
[2023-09-06 11:29:25.805550]: Det Face MTCNN Net Cost Time: 2.646 ms
[2023-09-06 11:29:25.805573]: Get ids Cost Time: 0 ms
[2023-09-06 11:29:25.806940]: Det Face MTCNN Net: Start Detect.
[2023-09-06 11:29:25.809678]: Det Face MTCNN Net Cost Time: 2.722 ms
[2023-09-06 11:29:25.809701]: Get ids Cost Time: 0 ms
[2023-09-06 11:29:25.811054]: Det Face MTCNN Net: Start Detect.
[2023-09-06 11:29:25.814545]: Det Face MTCNN Net Cost Time: 3.475 ms
[2023-09-06 11:29:25.827863]: Calc_feature Cost Time: 13 ms
[2023-09-06 11:29:25.827884]: Get ids Cost Time: 0 ms
[2023-09-06 11:29:25.829249]: Det Face MTCNN Net: Start Detect.
[2023-09-06 11:29:25.832353]: Det Face MTCNN Net Cost Time: 3.087 ms
[2023-09-06 11:29:25.832375]: Get ids Cost Time: 0 ms
[2023-09-06 11:29:25.833682]: Det Face MTCNN Net: Start Detect.
[2023-09-06 11:29:25.836856]: Det Face MTCNN Net Cost Time: 3.157 ms
[2023-09-06 11:29:25.850175]: Calc_feature Cost Time: 13 ms
[2023-09-06 11:29:25.850197]: Get ids Cost Time: 0 ms
[2023-09-06 11:29:25.851533]: Det Face MTCNN Net: Start Detect.
[2023-09-06 11:29:25.854359]: Det Face MTCNN Net Cost Time: 2.81 ms
[2023-09-06 11:29:25.854383]: Get ids Cost Time: 0 ms
[2023-09-06 11:29:25.855708]: Det Face MTCNN Net: Start Detect.
[2023-09-06 11:29:25.858946]: Det Face MTCNN Net Cost Time: 3.221 ms
[2023-09-06 11:29:25.872269]: Calc_feature Cost Time: 13 ms
[2023-09-06 11:29:25.872290]: Get ids Cost Time: 0 ms
[2023-09-06 11:29:25.873686]: Det Face MTCNN Net: Start Detect.
[2023-09-06 11:29:25.877065]: Det Face MTCNN Net Cost Time: 3.358 ms
[2023-09-06 11:29:25.890375]: Calc_feature Cost Time: 13 ms
[2023-09-06 11:29:25.890396]: Get ids Cost Time: 0 ms
[2023-09-06 11:29:25.891717]: Det Face MTCNN Net: Start Detect.
[2023-09-06 11:29:25.894598]: Det Face MTCNN Net Cost Time: 2.865 ms
[2023-09-06 11:29:25.894621]: Get ids Cost Time: 0 ms
[2023-09-06 11:29:25.895958]: Det Face MTCNN Net: Start Detect.
[2023-09-06 11:29:25.898774]: Det Face MTCNN Net Cost Time: 2.8 ms
[2023-09-06 11:29:25.898798]: Get ids Cost Time: 0 ms
[2023-09-06 11:29:25.900133]: Det Face MTCNN Net: Start Detect.
[2023-09-06 11:29:25.903114]: Det Face MTCNN Net Cost Time: 2.964 ms
[2023-09-06 11:29:25.903136]: Get ids Cost Time: 0 ms
[2023-09-06 11:29:25.904471]: Det Face MTCNN Net: Start Detect.
[2023-09-06 11:29:25.907641]: Det Face MTCNN Net Cost Time: 3.153 ms
[2023-09-06 11:29:25.920961]: Calc_feature Cost Time: 13 ms
[2023-09-06 11:29:25.920982]: Get ids Cost Time: 0 ms
[2023-09-06 11:29:25.922302]: Det Face MTCNN Net: Start Detect.
[2023-09-06 11:29:25.925527]: Det Face MTCNN Net Cost Time: 3.207 ms
[2023-09-06 11:29:25.938838]: Calc_feature Cost Time: 13 ms
[2023-09-06 11:29:25.938859]: Get ids Cost Time: 0 ms
[2023-09-06 11:29:25.940202]: Det Face MTCNN Net: Start Detect.
[2023-09-06 11:29:25.943203]: Det Face MTCNN Net Cost Time: 2.985 ms
[2023-09-06 11:29:25.943226]: Get ids Cost Time: 0 ms
[2023-09-06 11:29:25.944593]: Det Face MTCNN Net: Start Detect.
[2023-09-06 11:29:25.947930]: Det Face MTCNN Net Cost Time: 3.32 ms
[2023-09-06 11:29:25.947952]: Get ids Cost Time: 0 ms
[2023-09-06 11:29:25.949280]: Det Face MTCNN Net: Start Detect.
[2023-09-06 11:29:25.952367]: Det Face MTCNN Net Cost Time: 3.069 ms
[2023-09-06 11:29:25.952388]: Get ids Cost Time: 0 ms
[2023-09-06 11:29:25.953736]: Det Face MTCNN Net: Start Detect.
[2023-09-06 11:29:25.956836]: Det Face MTCNN Net Cost Time: 3.084 ms
[2023-09-06 11:29:25.956858]: Get ids Cost Time: 0 ms
[2023-09-06 11:29:25.958219]: Det Face MTCNN Net: Start Detect.
[2023-09-06 11:29:25.960929]: Det Face MTCNN Net Cost Time: 2.693 ms
[2023-09-06 11:29:25.960951]: Get ids Cost Time: 0 ms
[2023-09-06 11:29:25.962277]: Det Face MTCNN Net: Start Detect.
[2023-09-06 11:29:25.964980]: Det Face MTCNN Net Cost Time: 2.685 ms
[2023-09-06 11:29:25.965002]: Get ids Cost Time: 0 ms
[2023-09-06 11:29:25.966353]: Det Face MTCNN Net: Start Detect.
[2023-09-06 11:29:25.969094]: Det Face MTCNN Net Cost Time: 2.724 ms
[2023-09-06 11:29:25.969118]: Get ids Cost Time: 0 ms
[2023-09-06 11:29:25.970488]: Det Face MTCNN Net: Start Detect.
[2023-09-06 11:29:25.973762]: Det Face MTCNN Net Cost Time: 3.239 ms
[2023-09-06 11:29:25.987130]: Calc_feature Cost Time: 13 ms
[2023-09-06 11:29:25.987151]: Get ids Cost Time: 0 ms
[2023-09-06 11:29:25.988592]: Det Face MTCNN Net: Start Detect.
[2023-09-06 11:29:25.991639]: Det Face MTCNN Net Cost Time: 3.03 ms
[2023-09-06 11:29:25.991662]: Get ids Cost Time: 0 ms
[2023-09-06 11:29:25.993112]: Det Face MTCNN Net: Start Detect.
[2023-09-06 11:29:25.996243]: Det Face MTCNN Net Cost Time: 3.114 ms
[2023-09-06 11:29:25.996264]: Get ids Cost Time: 0 ms
[2023-09-06 11:29:25.997648]: Det Face MTCNN Net: Start Detect.
[2023-09-06 11:29:26.000712]: Det Face MTCNN Net Cost Time: 3.046 ms
[2023-09-06 11:29:26.014037]: Calc_feature Cost Time: 13 ms
[2023-09-06 11:29:26.014059]: Get ids Cost Time: 0 ms
[2023-09-06 11:29:26.030438]: Det Face MTCNN Net: Start Detect.
[2023-09-06 11:29:26.045196]: Det Face MTCNN Net Cost Time: 40.885 ms
[2023-09-06 11:29:26.237632]: Calc_feature Cost Time: 192 ms
[2023-09-06 11:29:26.237669]: Get ids Cost Time: 0 ms
[2023-09-06 11:29:26.239006]: Det Face MTCNN Net: Start Detect.
[2023-09-06 11:29:26.241831]: Det Face MTCNN Net Cost Time: 2.808 ms
[2023-09-06 11:29:26.241854]: Get ids Cost Time: 0 ms
[2023-09-06 11:29:26.243238]: Det Face MTCNN Net: Start Detect.
[2023-09-06 11:29:26.246672]: Det Face MTCNN Net Cost Time: 3.418 ms
[2023-09-06 11:29:26.260035]: Calc_feature Cost Time: 13 ms
[2023-09-06 11:29:26.260064]: Get ids Cost Time: 0 ms
[2023-09-06 11:29:26.261508]: Det Face MTCNN Net: Start Detect.
[2023-09-06 11:29:26.264522]: Det Face MTCNN Net Cost Time: 2.996 ms
[2023-09-06 11:29:26.264544]: Get ids Cost Time: 0 ms
[2023-09-06 11:29:26.265919]: Det Face MTCNN Net: Start Detect.
[2023-09-06 11:29:26.269000]: Det Face MTCNN Net Cost Time: 3.063 ms
[2023-09-06 11:29:26.269022]: Get ids Cost Time: 0 ms
[2023-09-06 11:29:26.270393]: Det Face MTCNN Net: Start Detect.
[2023-09-06 11:29:26.273544]: Det Face MTCNN Net Cost Time: 3.134 ms
[2023-09-06 11:29:26.286866]: Calc_feature Cost Time: 13 ms
[2023-09-06 11:29:26.286887]: Get ids Cost Time: 0 ms
[2023-09-06 11:29:26.288239]: Det Face MTCNN Net: Start Detect.
[2023-09-06 11:29:26.290962]: Det Face MTCNN Net Cost Time: 2.706 ms
[2023-09-06 11:29:26.290985]: Get ids Cost Time: 0 ms
[2023-09-06 11:29:26.292246]: Det Face MTCNN Net: Start Detect.
[2023-09-06 11:29:26.295461]: Det Face MTCNN Net Cost Time: 3.198 ms
[2023-09-06 11:29:26.308799]: Calc_feature Cost Time: 13 ms
[2023-09-06 11:29:26.308820]: Get ids Cost Time: 0 ms
[2023-09-06 11:29:26.310159]: Det Face MTCNN Net: Start Detect.
[2023-09-06 11:29:26.312846]: Det Face MTCNN Net Cost Time: 2.669 ms
[2023-09-06 11:29:26.312868]: Get ids Cost Time: 0 ms
[2023-09-06 11:29:26.314294]: Det Face MTCNN Net: Start Detect.
[2023-09-06 11:29:26.317089]: Det Face MTCNN Net Cost Time: 2.777 ms
[2023-09-06 11:29:26.317111]: Get ids Cost Time: 0 ms
[2023-09-06 11:29:26.317966]: Det Face MTCNN Net: Start Detect.
[2023-09-06 11:29:26.320639]: Det Face MTCNN Net Cost Time: 2.657 ms
[2023-09-06 11:29:26.320660]: Get ids Cost Time: 0 ms
[2023-09-06 11:29:26.322050]: Det Face MTCNN Net: Start Detect.
[2023-09-06 11:29:26.325003]: Det Face MTCNN Net Cost Time: 2.935 ms
[2023-09-06 11:29:26.325024]: Get ids Cost Time: 0 ms
[2023-09-06 11:29:26.326390]: Det Face MTCNN Net: Start Detect.
[2023-09-06 11:29:26.329736]: Det Face MTCNN Net Cost Time: 3.341 ms
[2023-09-06 11:29:26.329759]: Get ids Cost Time: 0 ms
[2023-09-06 11:29:26.331064]: Det Face MTCNN Net: Start Detect.
[2023-09-06 11:29:26.334186]: Det Face MTCNN Net Cost Time: 3.105 ms
[2023-09-06 11:29:26.347498]: Calc_feature Cost Time: 13 ms
[2023-09-06 11:29:26.347519]: Get ids Cost Time: 0 ms
[2023-09-06 11:29:26.348910]: Det Face MTCNN Net: Start Detect.
[2023-09-06 11:29:26.352295]: Det Face MTCNN Net Cost Time: 3.369 ms
[2023-09-06 11:29:26.352318]: Get ids Cost Time: 0 ms
[2023-09-06 11:29:26.353681]: Det Face MTCNN Net: Start Detect.
[2023-09-06 11:29:26.356333]: Det Face MTCNN Net Cost Time: 2.635 ms
[2023-09-06 11:29:26.356355]: Get ids Cost Time: 0 ms
[2023-09-06 11:29:26.357709]: Det Face MTCNN Net: Start Detect.
[2023-09-06 11:29:26.361054]: Det Face MTCNN Net Cost Time: 3.327 ms
[2023-09-06 11:29:26.374380]: Calc_feature Cost Time: 13 ms
[2023-09-06 11:29:26.374400]: Get ids Cost Time: 0 ms
[2023-09-06 11:29:26.375802]: Det Face MTCNN Net: Start Detect.
[2023-09-06 11:29:26.378902]: Det Face MTCNN Net Cost Time: 3.083 ms
[2023-09-06 11:29:26.392209]: Calc_feature Cost Time: 13 ms
[2023-09-06 11:29:26.392231]: Get ids Cost Time: 0 ms
[2023-09-06 11:29:26.393591]: Det Face MTCNN Net: Start Detect.
[2023-09-06 11:29:26.396342]: Det Face MTCNN Net Cost Time: 2.733 ms
[2023-09-06 11:29:26.396363]: Get ids Cost Time: 0 ms
[2023-09-06 11:29:26.397686]: Det Face MTCNN Net: Start Detect.
[2023-09-06 11:29:26.400486]: Det Face MTCNN Net Cost Time: 2.783 ms
[2023-09-06 11:29:26.400508]: Get ids Cost Time: 0 ms
[2023-09-06 11:29:26.401870]: Det Face MTCNN Net: Start Detect.
[2023-09-06 11:29:26.404647]: Det Face MTCNN Net Cost Time: 2.759 ms
[2023-09-06 11:29:26.404668]: Get ids Cost Time: 0 ms
[2023-09-06 11:29:26.405935]: Det Face MTCNN Net: Start Detect.
[2023-09-06 11:29:26.408999]: Det Face MTCNN Net Cost Time: 3.047 ms
[2023-09-06 11:29:26.422323]: Calc_feature Cost Time: 13 ms
[2023-09-06 11:29:26.422344]: Get ids Cost Time: 0 ms
[2023-09-06 11:29:26.423833]: Det Face MTCNN Net: Start Detect.
[2023-09-06 11:29:26.426503]: Det Face MTCNN Net Cost Time: 2.647 ms
[2023-09-06 11:29:26.426532]: Get ids Cost Time: 0 ms
[2023-09-06 11:29:26.427887]: Det Face MTCNN Net: Start Detect.
[2023-09-06 11:29:26.431004]: Det Face MTCNN Net Cost Time: 3.112 ms
[2023-09-06 11:29:26.444310]: Calc_feature Cost Time: 13 ms
[2023-09-06 11:29:26.444331]: Get ids Cost Time: 0 ms
[2023-09-06 11:29:26.445668]: Det Face MTCNN Net: Start Detect.
[2023-09-06 11:29:26.448742]: Det Face MTCNN Net Cost Time: 3.056 ms
[2023-09-06 11:29:26.448764]: Get ids Cost Time: 0 ms
[2023-09-06 11:29:26.450124]: Det Face MTCNN Net: Start Detect.
[2023-09-06 11:29:26.453384]: Det Face MTCNN Net Cost Time: 3.243 ms
[2023-09-06 11:29:26.466701]: Calc_feature Cost Time: 13 ms
[2023-09-06 11:29:26.466722]: Get ids Cost Time: 0 ms
[2023-09-06 11:29:26.468095]: Det Face MTCNN Net: Start Detect.
[2023-09-06 11:29:26.470865]: Det Face MTCNN Net Cost Time: 2.753 ms
[2023-09-06 11:29:26.470889]: Get ids Cost Time: 0 ms
[2023-09-06 11:29:26.472186]: Det Face MTCNN Net: Start Detect.
[2023-09-06 11:29:26.475372]: Det Face MTCNN Net Cost Time: 3.169 ms
[2023-09-06 11:29:26.488689]: Calc_feature Cost Time: 13 ms
[2023-09-06 11:29:26.488711]: Get ids Cost Time: 0 ms
[2023-09-06 11:29:26.490082]: Det Face MTCNN Net: Start Detect.
[2023-09-06 11:29:26.492953]: Det Face MTCNN Net Cost Time: 2.853 ms
[2023-09-06 11:29:26.492975]: Get ids Cost Time: 0 ms
[2023-09-06 11:29:26.494375]: Det Face MTCNN Net: Start Detect.
[2023-09-06 11:29:26.497182]: Det Face MTCNN Net Cost Time: 2.789 ms
[2023-09-06 11:29:26.497205]: Get ids Cost Time: 0 ms
[2023-09-06 11:29:26.498536]: Det Face MTCNN Net: Start Detect.
[2023-09-06 11:29:26.501579]: Det Face MTCNN Net Cost Time: 3.027 ms
[2023-09-06 11:29:26.501601]: Get ids Cost Time: 0 ms
[2023-09-06 11:29:26.502945]: Det Face MTCNN Net: Start Detect.
[2023-09-06 11:29:26.506059]: Det Face MTCNN Net Cost Time: 3.098 ms
[2023-09-06 11:29:26.519373]: Calc_feature Cost Time: 13 ms
[2023-09-06 11:29:26.519395]: Get ids Cost Time: 0 ms
[2023-09-06 11:29:26.520721]: Det Face MTCNN Net: Start Detect.
[2023-09-06 11:29:26.523452]: Det Face MTCNN Net Cost Time: 2.714 ms
[2023-09-06 11:29:26.523475]: Get ids Cost Time: 0 ms
[2023-09-06 11:29:26.524811]: Det Face MTCNN Net: Start Detect.
[2023-09-06 11:29:26.527526]: Det Face MTCNN Net Cost Time: 2.699 ms
[2023-09-06 11:29:26.527549]: Get ids Cost Time: 0 ms
[2023-09-06 11:29:26.528927]: Det Face MTCNN Net: Start Detect.
[2023-09-06 11:29:26.531736]: Det Face MTCNN Net Cost Time: 2.793 ms
[2023-09-06 11:29:26.531759]: Get ids Cost Time: 0 ms
[2023-09-06 11:29:26.533098]: Det Face MTCNN Net: Start Detect.
[2023-09-06 11:29:26.535860]: Det Face MTCNN Net Cost Time: 2.744 ms
[2023-09-06 11:29:26.535882]: Get ids Cost Time: 0 ms
[2023-09-06 11:29:26.537210]: Det Face MTCNN Net: Start Detect.
[2023-09-06 11:29:26.540361]: Det Face MTCNN Net Cost Time: 3.133 ms
[2023-09-06 11:29:26.540382]: Get ids Cost Time: 0 ms
[2023-09-06 11:29:26.541748]: Det Face MTCNN Net: Start Detect.
[2023-09-06 11:29:26.545220]: Det Face MTCNN Net Cost Time: 3.455 ms
[2023-09-06 11:29:26.558547]: Calc_feature Cost Time: 13 ms
[2023-09-06 11:29:26.558569]: Get ids Cost Time: 0 ms
[2023-09-06 11:29:26.559934]: Det Face MTCNN Net: Start Detect.
[2023-09-06 11:29:26.563049]: Det Face MTCNN Net Cost Time: 3.098 ms
[2023-09-06 11:29:26.576363]: Calc_feature Cost Time: 13 ms
[2023-09-06 11:29:26.576384]: Get ids Cost Time: 0 ms
[2023-09-06 11:29:26.577739]: Det Face MTCNN Net: Start Detect.
[2023-09-06 11:29:26.580881]: Det Face MTCNN Net Cost Time: 3.118 ms
[2023-09-06 11:29:26.594191]: Calc_feature Cost Time: 13 ms
[2023-09-06 11:29:26.594212]: Get ids Cost Time: 0 ms
[2023-09-06 11:29:26.595553]: Det Face MTCNN Net: Start Detect.
[2023-09-06 11:29:26.598386]: Det Face MTCNN Net Cost Time: 2.816 ms
[2023-09-06 11:29:26.598409]: Get ids Cost Time: 0 ms
[2023-09-06 11:29:26.599756]: Det Face MTCNN Net: Start Detect.
[2023-09-06 11:29:26.602916]: Det Face MTCNN Net Cost Time: 3.142 ms
[2023-09-06 11:29:26.602939]: Get ids Cost Time: 0 ms
[2023-09-06 11:29:26.604241]: Det Face MTCNN Net: Start Detect.
[2023-09-06 11:29:26.607312]: Det Face MTCNN Net Cost Time: 3.049 ms
[2023-09-06 11:29:26.607339]: Get ids Cost Time: 0 ms
[2023-09-06 11:29:26.608184]: Det Face MTCNN Net: Start Detect.
[2023-09-06 11:29:26.610826]: Det Face MTCNN Net Cost Time: 2.624 ms
[2023-09-06 11:29:26.610849]: Get ids Cost Time: 0 ms
[2023-09-06 11:29:26.612184]: Det Face MTCNN Net: Start Detect.
[2023-09-06 11:29:26.614925]: Det Face MTCNN Net Cost Time: 2.724 ms
[2023-09-06 11:29:26.614948]: Get ids Cost Time: 0 ms
[2023-09-06 11:29:26.615750]: Det Face MTCNN Net: Start Detect.
[2023-09-06 11:29:26.618025]: Det Face MTCNN Net Cost Time: 2.26 ms
[2023-09-06 11:29:26.618047]: Get ids Cost Time: 0 ms
[2023-09-06 11:29:26.619371]: Det Face MTCNN Net: Start Detect.
[2023-09-06 11:29:26.622406]: Det Face MTCNN Net Cost Time: 3.018 ms
[2023-09-06 11:29:26.635725]: Calc_feature Cost Time: 13 ms
[2023-09-06 11:29:26.635746]: Get ids Cost Time: 0 ms
[2023-09-06 11:29:26.637118]: Det Face MTCNN Net: Start Detect.
[2023-09-06 11:29:26.639808]: Det Face MTCNN Net Cost Time: 2.672 ms
[2023-09-06 11:29:26.639830]: Get ids Cost Time: 0 ms
[2023-09-06 11:29:26.641187]: Det Face MTCNN Net: Start Detect.
[2023-09-06 11:29:26.644505]: Det Face MTCNN Net Cost Time: 3.301 ms
[2023-09-06 11:29:26.644526]: Get ids Cost Time: 0 ms
[2023-09-06 11:29:26.645856]: Det Face MTCNN Net: Start Detect.
[2023-09-06 11:29:26.648578]: Det Face MTCNN Net Cost Time: 2.704 ms
[2023-09-06 11:29:26.648600]: Get ids Cost Time: 0 ms
[2023-09-06 11:29:26.649951]: Det Face MTCNN Net: Start Detect.
[2023-09-06 11:29:26.652626]: Det Face MTCNN Net Cost Time: 2.658 ms
[2023-09-06 11:29:26.652648]: Get ids Cost Time: 0 ms
[2023-09-06 11:29:26.653969]: Det Face MTCNN Net: Start Detect.
[2023-09-06 11:29:26.656964]: Det Face MTCNN Net Cost Time: 2.977 ms
[2023-09-06 11:29:26.656986]: Get ids Cost Time: 0 ms
[2023-09-06 11:29:26.658374]: Det Face MTCNN Net: Start Detect.
[2023-09-06 11:29:26.661724]: Det Face MTCNN Net Cost Time: 3.333 ms
[2023-09-06 11:29:26.675040]: Calc_feature Cost Time: 13 ms
[2023-09-06 11:29:26.675060]: Get ids Cost Time: 0 ms
[2023-09-06 11:29:26.676410]: Det Face MTCNN Net: Start Detect.
[2023-09-06 11:29:26.679230]: Det Face MTCNN Net Cost Time: 2.803 ms
[2023-09-06 11:29:26.679253]: Get ids Cost Time: 0 ms
[2023-09-06 11:29:26.680617]: Det Face MTCNN Net: Start Detect.
[2023-09-06 11:29:26.683765]: Det Face MTCNN Net Cost Time: 3.131 ms
[2023-09-06 11:29:26.683788]: Get ids Cost Time: 0 ms
[2023-09-06 11:29:26.685109]: Det Face MTCNN Net: Start Detect.
[2023-09-06 11:29:26.688228]: Det Face MTCNN Net Cost Time: 3.102 ms
[2023-09-06 11:29:26.701538]: Calc_feature Cost Time: 13 ms
[2023-09-06 11:29:26.701559]: Get ids Cost Time: 0 ms
[2023-09-06 11:29:26.702957]: Det Face MTCNN Net: Start Detect.
[2023-09-06 11:29:26.706315]: Det Face MTCNN Net Cost Time: 3.341 ms
[2023-09-06 11:29:26.719625]: Calc_feature Cost Time: 13 ms
[2023-09-06 11:29:26.719646]: Get ids Cost Time: 0 ms
[2023-09-06 11:29:26.720994]: Det Face MTCNN Net: Start Detect.
[2023-09-06 11:29:26.724366]: Det Face MTCNN Net Cost Time: 3.355 ms
[2023-09-06 11:29:26.750469]: Calc_feature Cost Time: 26 ms
[2023-09-06 11:29:26.750490]: Get ids Cost Time: 0 ms
[2023-09-06 11:29:26.751909]: Det Face MTCNN Net: Start Detect.
[2023-09-06 11:29:26.754644]: Det Face MTCNN Net Cost Time: 2.717 ms
[2023-09-06 11:29:26.754667]: Get ids Cost Time: 0 ms
[2023-09-06 11:29:26.756040]: Det Face MTCNN Net: Start Detect.
[2023-09-06 11:29:26.759336]: Det Face MTCNN Net Cost Time: 3.28 ms
[2023-09-06 11:29:26.785429]: Calc_feature Cost Time: 26 ms
[2023-09-06 11:29:26.785451]: Get ids Cost Time: 0 ms
[2023-09-06 11:29:26.786821]: Det Face MTCNN Net: Start Detect.
[2023-09-06 11:29:26.789507]: Det Face MTCNN Net Cost Time: 2.669 ms
[2023-09-06 11:29:26.789529]: Get ids Cost Time: 0 ms
[2023-09-06 11:29:26.790936]: Det Face MTCNN Net: Start Detect.
[2023-09-06 11:29:26.794000]: Det Face MTCNN Net Cost Time: 3.047 ms
[2023-09-06 11:29:26.794022]: Get ids Cost Time: 0 ms
[2023-09-06 11:29:26.795349]: Det Face MTCNN Net: Start Detect.
[2023-09-06 11:29:26.798548]: Det Face MTCNN Net Cost Time: 3.177 ms
[2023-09-06 11:29:26.824656]: Calc_feature Cost Time: 26 ms
[2023-09-06 11:29:26.824677]: Get ids Cost Time: 0 ms
[2023-09-06 11:29:26.826068]: Det Face MTCNN Net: Start Detect.
[2023-09-06 11:29:26.828930]: Det Face MTCNN Net Cost Time: 2.85 ms
[2023-09-06 11:29:26.828952]: Get ids Cost Time: 0 ms
[2023-09-06 11:29:26.829863]: Det Face MTCNN Net: Start Detect.
[2023-09-06 11:29:26.832138]: Det Face MTCNN Net Cost Time: 2.259 ms
[2023-09-06 11:29:26.832159]: Get ids Cost Time: 0 ms
[2023-09-06 11:29:26.833505]: Det Face MTCNN Net: Start Detect.
[2023-09-06 11:29:26.836519]: Det Face MTCNN Net Cost Time: 2.995 ms
[2023-09-06 11:29:26.836540]: Get ids Cost Time: 0 ms
[2023-09-06 11:29:26.837905]: Det Face MTCNN Net: Start Detect.
[2023-09-06 11:29:26.841269]: Det Face MTCNN Net Cost Time: 3.346 ms
[2023-09-06 11:29:26.854586]: Calc_feature Cost Time: 13 ms
[2023-09-06 11:29:26.854607]: Get ids Cost Time: 0 ms
[2023-09-06 11:29:26.855938]: Det Face MTCNN Net: Start Detect.
[2023-09-06 11:29:26.859103]: Det Face MTCNN Net Cost Time: 3.149 ms
[2023-09-06 11:29:26.872408]: Calc_feature Cost Time: 13 ms
[2023-09-06 11:29:26.872429]: Get ids Cost Time: 0 ms
[2023-09-06 11:29:26.873820]: Det Face MTCNN Net: Start Detect.
[2023-09-06 11:29:26.876959]: Det Face MTCNN Net Cost Time: 3.121 ms
[2023-09-06 11:29:26.890345]: Calc_feature Cost Time: 13 ms
[2023-09-06 11:29:26.890367]: Get ids Cost Time: 0 ms
[2023-09-06 11:29:26.891776]: Det Face MTCNN Net: Start Detect.
[2023-09-06 11:29:26.894846]: Det Face MTCNN Net Cost Time: 3.053 ms
[2023-09-06 11:29:26.894869]: Get ids Cost Time: 0 ms
[2023-09-06 11:29:26.896268]: Det Face MTCNN Net: Start Detect.
[2023-09-06 11:29:26.899553]: Det Face MTCNN Net Cost Time: 3.269 ms
[2023-09-06 11:29:26.899576]: Get ids Cost Time: 0 ms
[2023-09-06 11:29:26.900934]: Det Face MTCNN Net: Start Detect.
[2023-09-06 11:29:26.903663]: Det Face MTCNN Net Cost Time: 2.712 ms
[2023-09-06 11:29:26.903686]: Get ids Cost Time: 0 ms
[2023-09-06 11:29:26.905026]: Det Face MTCNN Net: Start Detect.
[2023-09-06 11:29:26.908054]: Det Face MTCNN Net Cost Time: 3.008 ms
[2023-09-06 11:29:26.921367]: Calc_feature Cost Time: 13 ms
[2023-09-06 11:29:26.921389]: Get ids Cost Time: 0 ms
[2023-09-06 11:29:26.922805]: Det Face MTCNN Net: Start Detect.
[2023-09-06 11:29:26.925855]: Det Face MTCNN Net Cost Time: 3.032 ms
[2023-09-06 11:29:26.925877]: Get ids Cost Time: 0 ms
[2023-09-06 11:29:26.927233]: Det Face MTCNN Net: Start Detect.
[2023-09-06 11:29:26.930567]: Det Face MTCNN Net Cost Time: 3.323 ms
[2023-09-06 11:29:26.943894]: Calc_feature Cost Time: 13 ms
[2023-09-06 11:29:26.943916]: Get ids Cost Time: 0 ms
